<?xml version="1.0" encoding="UTF-8"?>
<!-- Generated by org.testng.reporters.JUnitReportReporter -->
<testsuite hostname="Lenovo-E14" failures="0" tests="1" name="tests.JsonSchemaValidator" time="2.770" errors="0" timestamp="2023-01-10T17:46:43 PKT" skipped="0">
  <testcase classname="tests.JsonSchemaValidator" name="testGet" time="2.770"/>
  <system-out/>
</testsuite> <!-- tests.JsonSchemaValidator -->
